<?xml version="1.0" encoding="UTF-8"?>
<testng-results skipped="0" failed="0" ignored="0" total="1" passed="1">
  <reporter-output>
    <line>
      <![CDATA[01/05/2019  02:47:23 PM]]>
    </line>
    <line>
      <![CDATA[Windows 10]]>
    </line>
    <line>
      <![CDATA[CNJUKANG]]>
    </line>
    <line>
      <![CDATA[1.8]]>
    </line>
    <line>
      <![CDATA[01/05/2019  02:48:56   Lora]]>
    </line>
    <line>
      <![CDATA[01/05/2019  02:48:58   Bush]]>
    </line>
    <line>
      <![CDATA[01/05/2019  02:49:02   lorabush@yahoo.com]]>
    </line>
    <line>
      <![CDATA[01/05/2019  02:49:04   lorabush@yahoo.com]]>
    </line>
    <line>
      <![CDATA[01/05/2019  02:49:07   12345#$$$$]]>
    </line>
    <line>
      <![CDATA[01/05/2019  02:49:09   Dec]]>
    </line>
    <line>
      <![CDATA[01/05/2019  02:49:11   20]]>
    </line>
    <line>
      <![CDATA[01/05/2019  02:49:14   1988]]>
    </line>
  </reporter-output>
  <suite name="Surefire suite" duration-ms="122425" started-at="2019-01-05T19:47:23Z" finished-at="2019-01-05T19:49:25Z">
    <groups>
    </groups>
    <test name="Surefire test" duration-ms="122425" started-at="2019-01-05T19:47:23Z" finished-at="2019-01-05T19:49:25Z">
      <class name="com.devops1.DevOpsStudy.AppTest">
        <test-method status="PASS" signature="setup()[pri:0, instance:com.devops1.DevOpsStudy.AppTest@4157f54e]" name="setup" is-config="true" duration-ms="63317" started-at="2019-01-05T19:47:23Z" finished-at="2019-01-05T19:48:26Z">
          <reporter-output>
            <line>
              <![CDATA[01/05/2019  02:47:23 PM]]>
            </line>
            <line>
              <![CDATA[Windows 10]]>
            </line>
            <line>
              <![CDATA[CNJUKANG]]>
            </line>
            <line>
              <![CDATA[1.8]]>
            </line>
          </reporter-output>
        </test-method> <!-- setup -->
        <test-method status="PASS" signature="signUp()[pri:0, instance:com.devops1.DevOpsStudy.AppTest@4157f54e]" name="signUp" duration-ms="53581" started-at="2019-01-05T19:48:26Z" finished-at="2019-01-05T19:49:20Z">
          <reporter-output>
            <line>
              <![CDATA[01/05/2019  02:48:56   Lora]]>
            </line>
            <line>
              <![CDATA[01/05/2019  02:48:58   Bush]]>
            </line>
            <line>
              <![CDATA[01/05/2019  02:49:02   lorabush@yahoo.com]]>
            </line>
            <line>
              <![CDATA[01/05/2019  02:49:04   lorabush@yahoo.com]]>
            </line>
            <line>
              <![CDATA[01/05/2019  02:49:07   12345#$$$$]]>
            </line>
            <line>
              <![CDATA[01/05/2019  02:49:09   Dec]]>
            </line>
            <line>
              <![CDATA[01/05/2019  02:49:11   20]]>
            </line>
            <line>
              <![CDATA[01/05/2019  02:49:14   1988]]>
            </line>
          </reporter-output>
        </test-method> <!-- signUp -->
        <test-method status="PASS" signature="tearDown()[pri:0, instance:com.devops1.DevOpsStudy.AppTest@4157f54e]" name="tearDown" is-config="true" duration-ms="5431" started-at="2019-01-05T19:49:20Z" finished-at="2019-01-05T19:49:25Z">
          <reporter-output>
          </reporter-output>
        </test-method> <!-- tearDown -->
      </class> <!-- com.devops1.DevOpsStudy.AppTest -->
    </test> <!-- Surefire test -->
  </suite> <!-- Surefire suite -->
</testng-results>
