<?xml version="1.0" encoding="UTF-8"?>
<testng-results skipped="0" failed="0" ignored="0" total="1" passed="1">
  <reporter-output>
    <line>
      <![CDATA[01/29/2019  08:14:13 PM]]>
    </line>
    <line>
      <![CDATA[Windows 10]]>
    </line>
    <line>
      <![CDATA[CNJUKANG]]>
    </line>
    <line>
      <![CDATA[1.8]]>
    </line>
    <line>
      <![CDATA[01/29/2019  08:15:17   Lora]]>
    </line>
    <line>
      <![CDATA[01/29/2019  08:15:20   Bush]]>
    </line>
    <line>
      <![CDATA[01/29/2019  08:15:22   lorabush@yahoo.com]]>
    </line>
    <line>
      <![CDATA[01/29/2019  08:15:26   lorabush@yahoo.com]]>
    </line>
    <line>
      <![CDATA[01/29/2019  08:15:28   12345#$$$$]]>
    </line>
    <line>
      <![CDATA[01/29/2019  08:15:31   Dec]]>
    </line>
    <line>
      <![CDATA[01/29/2019  08:15:33   20]]>
    </line>
    <line>
      <![CDATA[01/29/2019  08:15:35   1988]]>
    </line>
  </reporter-output>
  <suite name="Surefire suite" duration-ms="88075" started-at="2019-01-30T01:14:13Z" finished-at="2019-01-30T01:15:41Z">
    <groups>
    </groups>
    <test name="Surefire test" duration-ms="88075" started-at="2019-01-30T01:14:13Z" finished-at="2019-01-30T01:15:41Z">
      <class name="com.devops1.DevOpsStudy.AppTest">
        <test-method status="PASS" signature="setup()[pri:0, instance:com.devops1.DevOpsStudy.AppTest@4157f54e]" name="setup" is-config="true" duration-ms="44335" started-at="2019-01-30T01:14:13Z" finished-at="2019-01-30T01:14:58Z">
          <reporter-output>
            <line>
              <![CDATA[01/29/2019  08:14:13 PM]]>
            </line>
            <line>
              <![CDATA[Windows 10]]>
            </line>
            <line>
              <![CDATA[CNJUKANG]]>
            </line>
            <line>
              <![CDATA[1.8]]>
            </line>
          </reporter-output>
        </test-method> <!-- setup -->
        <test-method status="PASS" signature="signUp()[pri:0, instance:com.devops1.DevOpsStudy.AppTest@4157f54e]" name="signUp" duration-ms="42786" started-at="2019-01-30T01:14:58Z" finished-at="2019-01-30T01:15:41Z">
          <reporter-output>
            <line>
              <![CDATA[01/29/2019  08:15:17   Lora]]>
            </line>
            <line>
              <![CDATA[01/29/2019  08:15:20   Bush]]>
            </line>
            <line>
              <![CDATA[01/29/2019  08:15:22   lorabush@yahoo.com]]>
            </line>
            <line>
              <![CDATA[01/29/2019  08:15:26   lorabush@yahoo.com]]>
            </line>
            <line>
              <![CDATA[01/29/2019  08:15:28   12345#$$$$]]>
            </line>
            <line>
              <![CDATA[01/29/2019  08:15:31   Dec]]>
            </line>
            <line>
              <![CDATA[01/29/2019  08:15:33   20]]>
            </line>
            <line>
              <![CDATA[01/29/2019  08:15:35   1988]]>
            </line>
          </reporter-output>
        </test-method> <!-- signUp -->
        <test-method status="PASS" signature="tearDown()[pri:0, instance:com.devops1.DevOpsStudy.AppTest@4157f54e]" name="tearDown" is-config="true" duration-ms="615" started-at="2019-01-30T01:15:41Z" finished-at="2019-01-30T01:15:41Z">
          <reporter-output>
          </reporter-output>
        </test-method> <!-- tearDown -->
      </class> <!-- com.devops1.DevOpsStudy.AppTest -->
    </test> <!-- Surefire test -->
  </suite> <!-- Surefire suite -->
</testng-results>
